<?xml version="1.0" encoding="UTF-8"?>
<!-- Generated by org.testng.reporters.JUnitXMLReporter -->
<testsuite ignored="0" hostname="ATMECSINLT-038" failures="3" tests="10" name="Test" time="22.399" errors="0" timestamp="08 Nov 2019 12:48:48 GMT">
  <testcase classname="com.atmecs.ToolsninjaAutomation.testScripts.HeatClinicAutomation" name="validatefooterForServices" time="1.101"/>
  <testcase classname="com.atmecs.ToolsninjaAutomation.testScripts.HeatClinicAutomation" name="validatefooterForServices" time="0.974"/>
  <testcase classname="com.atmecs.ToolsninjaAutomation.testScripts.HeatClinicAutomation" name="validatefooterForServices" time="1.015"/>
  <testcase classname="com.atmecs.ToolsninjaAutomation.testScripts.HeatClinicAutomation" name="validatefooterForServices" time="0.677"/>
  <testcase classname="com.atmecs.ToolsninjaAutomation.testScripts.HeatClinicAutomation" name="validatefooterForServices" time="0.602"/>
  <testcase classname="com.atmecs.ToolsninjaAutomation.testScripts.HeatClinicAutomation" name="validatefooterForServices" time="0.006">
    <failure type="java.lang.NullPointerException">
      <![CDATA[java.lang.NullPointerException
at java.base/java.lang.String.replace(String.java:2152)
at com.atmecs.ToolsninjaAutomation.testflow.HeatClinicPageFlow.clickHeader(HeatClinicPageFlow.java:19)
at com.atmecs.ToolsninjaAutomation.testScripts.HeatClinicAutomation.validatefooterForServices(HeatClinicAutomation.java:43)
... Removed 25 stack frames]]>
    </failure>
  </testcase> <!-- validatefooterForServices -->
  <testcase classname="com.atmecs.ToolsninjaAutomation.testScripts.HeatClinicAutomation" name="validatefooterForServices" time="0.007">
    <failure type="java.lang.NullPointerException">
      <![CDATA[java.lang.NullPointerException
at java.base/java.lang.String.replace(String.java:2152)
at com.atmecs.ToolsninjaAutomation.testflow.HeatClinicPageFlow.clickHeader(HeatClinicPageFlow.java:19)
at com.atmecs.ToolsninjaAutomation.testScripts.HeatClinicAutomation.validatefooterForServices(HeatClinicAutomation.java:43)
... Removed 25 stack frames]]>
    </failure>
  </testcase> <!-- validatefooterForServices -->
  <testcase classname="com.atmecs.ToolsninjaAutomation.testScripts.HeatClinicAutomation" name="selectGenderClothing" time="3.207"/>
  <testcase classname="com.atmecs.ToolsninjaAutomation.testScripts.HeatClinicAutomation" name="validateMensClothing" time="0.088"/>
  <testcase classname="com.atmecs.ToolsninjaAutomation.testScripts.HeatClinicAutomation" name="chooseShirt" time="1.652">
    <failure type="org.openqa.selenium.NoAlertPresentException" message="no such alert
  (Session info: chrome=78.0.3904.87)
Build info: version: &amp;apos;3.141.59&amp;apos;, revision: &amp;apos;e82be7d358&amp;apos;, time: &amp;apos;2018-11-14T08:17:03&amp;apos;
System info: host: &amp;apos;ATMECSINLT-038&amp;apos;, ip: &amp;apos;55.55.52.193&amp;apos;, os.name: &amp;apos;Windows 10&amp;apos;, os.arch: &amp;apos;amd64&amp;apos;, os.version: &amp;apos;10.0&amp;apos;, java.version: &amp;apos;12.0.1&amp;apos;
Driver info: org.openqa.selenium.chrome.ChromeDriver
Capabilities {acceptInsecureCerts: false, browserName: chrome, browserVersion: 78.0.3904.87, chrome: {chromedriverVersion: 78.0.3904.70 (edb9c9f3de024..., userDataDir: C:\Users\SAURAB~1.CHA\AppDa...}, goog:chromeOptions: {debuggerAddress: localhost:52095}, javascriptEnabled: true, networkConnectionEnabled: false, pageLoadStrategy: normal, platform: XP, platformName: XP, proxy: Proxy(), setWindowRect: true, strictFileInteractability: false, timeouts: {implicit: 0, pageLoad: 300000, script: 30000}, unhandledPromptBehavior: dismiss and notify}
Session ID: 0a5ff31761c618b935cd21b0e907affb">
      <![CDATA[org.openqa.selenium.NoAlertPresentException: no such alert
  (Session info: chrome=78.0.3904.87)
Build info: version: '3.141.59', revision: 'e82be7d358', time: '2018-11-14T08:17:03'
System info: host: 'ATMECSINLT-038', ip: '55.55.52.193', os.name: 'Windows 10', os.arch: 'amd64', os.version: '10.0', java.version: '12.0.1'
Driver info: org.openqa.selenium.chrome.ChromeDriver
Capabilities {acceptInsecureCerts: false, browserName: chrome, browserVersion: 78.0.3904.87, chrome: {chromedriverVersion: 78.0.3904.70 (edb9c9f3de024..., userDataDir: C:\Users\SAURAB~1.CHA\AppDa...}, goog:chromeOptions: {debuggerAddress: localhost:52095}, javascriptEnabled: true, networkConnectionEnabled: false, pageLoadStrategy: normal, platform: XP, platformName: XP, proxy: Proxy(), setWindowRect: true, strictFileInteractability: false, timeouts: {implicit: 0, pageLoad: 300000, script: 30000}, unhandledPromptBehavior: dismiss and notify}
Session ID: 0a5ff31761c618b935cd21b0e907affb
at org.openqa.selenium.remote.http.W3CHttpResponseCodec.createException(W3CHttpResponseCodec.java:187)
at org.openqa.selenium.remote.http.W3CHttpResponseCodec.decode(W3CHttpResponseCodec.java:122)
at org.openqa.selenium.remote.http.W3CHttpResponseCodec.decode(W3CHttpResponseCodec.java:49)
at org.openqa.selenium.remote.HttpCommandExecutor.execute(HttpCommandExecutor.java:158)
at org.openqa.selenium.remote.service.DriverCommandExecutor.execute(DriverCommandExecutor.java:83)
at org.openqa.selenium.remote.RemoteWebDriver.execute(RemoteWebDriver.java:552)
at org.openqa.selenium.remote.RemoteWebDriver.execute(RemoteWebDriver.java:609)
at org.openqa.selenium.remote.RemoteWebDriver$RemoteTargetLocator.alert(RemoteWebDriver.java:932)
at com.atmecs.ToolsninjaAutomation.testflow.HeatClinicPageFlow.selectShirt(HeatClinicPageFlow.java:30)
at com.atmecs.ToolsninjaAutomation.testScripts.HeatClinicAutomation.chooseShirt(HeatClinicAutomation.java:56)
... Removed 30 stack frames]]>
    </failure>
  </testcase> <!-- chooseShirt -->
</testsuite> <!-- Test -->
